<?xml version="1.0" encoding="UTF-8"?>
<!-- Generated by org.testng.reporters.JUnitReportReporter -->
<testsuite hostname="LAPTOP-BIM2FR3V" failures="0" tests="1" name="testScenarios.MouseHover" time="7.090" errors="0" timestamp="2025-01-10T06:22:26 IST" skipped="0">
  <testcase classname="testScenarios.MouseHover" name="dragAnddrop" time="7.090"/>
  <system-out/>
</testsuite> <!-- testScenarios.MouseHover -->
