<?xml version="1.0" encoding="UTF-8"?>
<!-- Generated by org.testng.reporters.JUnitReportReporter -->
<testsuite hostname="LAPTOP-BIM2FR3V" failures="0" tests="1" name="testScenarios.SwitchingWin" time="11.944" errors="0" timestamp="2025-01-10T06:22:26 IST" skipped="0">
  <testcase classname="testScenarios.SwitchingWin" name="switchwin" time="11.944"/>
  <system-out/>
</testsuite> <!-- testScenarios.SwitchingWin -->
