<?xml version="1.0" encoding="UTF-8"?>
<!-- Generated by org.testng.reporters.JUnitReportReporter -->
<testsuite hostname="LAPTOP-BIM2FR3V" failures="0" tests="1" name="testScenarios.DynDataHand" time="7.431" errors="0" timestamp="2025-01-10T06:22:26 IST" skipped="0">
  <testcase classname="testScenarios.DynDataHand" name="DynData" time="7.431"/>
  <system-out/>
</testsuite> <!-- testScenarios.DynDataHand -->
