<?xml version="1.0" encoding="UTF-8"?>
<!-- Generated by org.testng.reporters.JUnitReportReporter -->
<testsuite hostname="LAPTOP-BIM2FR3V" failures="0" tests="1" name="testScenarios.MouseHover" time="5.612" errors="0" timestamp="2025-01-11T06:48:01 IST" skipped="0">
  <testcase classname="testScenarios.MouseHover" name="dragAnddrop" time="5.612"/>
</testsuite> <!-- testScenarios.MouseHover -->
